<?xml version="1.0" encoding="UTF-8"?>
<!-- Generated by org.testng.reporters.JUnitXMLReporter -->
<testsuite ignored="0" hostname="LAPTOP-QVJ5LU04" failures="0" tests="2" name="Error validation Test" time="18.967" errors="0" timestamp="2024-06-22T15:23:03 IST">
  <testcase classname="org.example.tests.ErrorValidationsTest" name="loginErrorValidations" time="0.822"/>
  <testcase classname="org.example.tests.ErrorValidationsTest" name="productErrorValidations" time="1.606"/>
</testsuite> <!-- Error validation Test -->
